<?xml version="1.0" encoding="UTF-8"?>
<!-- Generated by org.testng.reporters.JUnitReportReporter -->
<testsuite hostname="USHYDLTATAVART2" failures="0" tests="2" name="com.PCRM.Testcases.LoginPageTestcase" time="8.325" errors="0" timestamp="04 Aug 2020 13:31:32 GMT" skipped="0">
  <testcase classname="com.PCRM.Testcases.LoginPageTestcase" name="gettitle" time="0.014"/>
  <testcase classname="com.PCRM.Testcases.LoginPageTestcase" name="verifyloginfunction" time="8.311"/>
</testsuite> <!-- com.PCRM.Testcases.LoginPageTestcase -->
