<?xml version="1.0" encoding="UTF-8"?>
<!-- Generated by org.testng.reporters.JUnitReportReporter -->
<testsuite hostname="USHYDLTATAVART2" failures="0" tests="3" name="com.PCRM.Testcases.CalenderpageTest" time="19.858" errors="0" timestamp="12 Aug 2020 16:31:54 GMT" skipped="0">
  <testcase classname="com.PCRM.Testcases.CalenderpageTest" name="login" time="16.683"/>
  <testcase classname="com.PCRM.Testcases.CalenderpageTest" name="clickonclender" time="1.898"/>
  <testcase classname="com.PCRM.Testcases.CalenderpageTest" name="clickeventoncalenderpage" time="1.277"/>
</testsuite> <!-- com.PCRM.Testcases.CalenderpageTest -->
