<?xml version="1.0" encoding="UTF-8"?>
<!-- Generated by org.testng.reporters.JUnitReportReporter -->
<testsuite hostname="USHYDLTATAVART2" failures="0" tests="2" name="com.PCRM.Testcases.LoginPageTestcase" time="20.634" errors="0" timestamp="14 Aug 2020 13:00:24 GMT" skipped="0">
  <testcase classname="com.PCRM.Testcases.LoginPageTestcase" name="gettitle" time="0.010"/>
  <testcase classname="com.PCRM.Testcases.LoginPageTestcase" name="verifyloginfunction" time="20.624"/>
</testsuite> <!-- com.PCRM.Testcases.LoginPageTestcase -->
