<?xml version="1.0" encoding="UTF-8"?>
<!-- Generated by org.testng.reporters.JUnitReportReporter -->
<testsuite hostname="USHYDLTATAVART2" failures="0" tests="2" name="com.PCRM.Testcases.LoginPageTestcase" time="6.849" errors="0" timestamp="12 Aug 2020 16:31:02 GMT" skipped="0">
  <testcase classname="com.PCRM.Testcases.LoginPageTestcase" name="gettitle" time="0.014"/>
  <testcase classname="com.PCRM.Testcases.LoginPageTestcase" name="verifyloginfunction" time="6.835"/>
</testsuite> <!-- com.PCRM.Testcases.LoginPageTestcase -->
