<?xml version="1.0" encoding="UTF-8"?>
<!-- Generated by org.testng.reporters.JUnitReportReporter -->
<testsuite hostname="USHYDLTATAVART2" failures="0" tests="3" name="com.PCRM.Testcases.CalenderpageTest" time="10.347" errors="0" timestamp="04 Aug 2020 13:31:32 GMT" skipped="0">
  <testcase classname="com.PCRM.Testcases.CalenderpageTest" name="login" time="7.598"/>
  <testcase classname="com.PCRM.Testcases.CalenderpageTest" name="clickonclender" time="1.495"/>
  <testcase classname="com.PCRM.Testcases.CalenderpageTest" name="clickeventoncalenderpage" time="1.254"/>
</testsuite> <!-- com.PCRM.Testcases.CalenderpageTest -->
